sb1 00.00.fge-scottbase.txt 00.00.gsm-scottbase.raw
stc is sbc/140720.sbc & stcp is sbc/140719.sbc
2014 201 Jul 2014.201 2014.201.2200.00.fge-scottbase.txt

ftp starts at 2014-07-21 11:35:01.959406000+12:00
Connected to ftp.geonet.org.nz (161.65.59.67).
220 The GeoNet Data Management Centre v2
Remote system type is UNIX.
Using binary mode to transfer files.
331 Anonymous login ok, send your complete email address as your password
230 Welcome anonymous
250 CWD command successful
250 CWD command successful
250 CWD command successful
local: 2014.201.2200.00.fge-scottbase.txt remote: 2014.201.2200.00.fge-scottbase.txt
227 Entering Passive Mode (161,65,59,67,252,192).
150 Opening BINARY mode data connection for 2014.201.2200.00.fge-scottbase.txt (400018 bytes)
226 Transfer complete
400018 bytes received in 0.00619 secs (6.3e+04 Kbytes/sec)
local: 2014.201.2200.00.gsm-scottbase.raw remote: 2014.201.2200.00.gsm-scottbase.raw
227 Entering Passive Mode (161,65,59,67,255,102).
150 Opening BINARY mode data connection for 2014.201.2200.00.gsm-scottbase.raw (41040 bytes)
226 Transfer complete
41040 bytes received in 0.00273 secs (1.5e+04 Kbytes/sec)
local: 2014.201.2200.00.fge-benmore.txt remote: 2014.201.2200.00.fge-benmore.txt
227 Entering Passive Mode (161,65,59,67,251,72).
550 2014.201.2200.00.fge-benmore.txt: No such file or directory
local: 2014.201.2200.00.fge-benmore.raw remote: 2014.201.2200.00.fge-benmore.raw
227 Entering Passive Mode (161,65,59,67,254,184).
150 Opening BINARY mode data connection for 2014.201.2200.00.fge-benmore.raw (187200 bytes)
226 Transfer complete
187200 bytes received in 0.00436 secs (4.2e+04 Kbytes/sec)
221 Goodbye.
ftp ends at 2014-07-21 11:35:02.104588000+12:00

 14   201  14
 NZ_SBAM_51_VFF, 2014-07-20 22:00:03.000, 6672644.0, 99.0      
 NZ_SBAM_51_VFF, 2014-07-20 22:00:08.000, 6672645.0, 99.0      
 NZ_SBAM_51_VFF, 2014-07-20 22:00:13.000, 6672647.0, 99.0      
 NZ_SBAM_51_VFF, 2014-07-20 22:00:18.000, 6672645.0, 99.0      
 NZ_SBAM_51_VFF, 2014-07-20 22:00:23.000, 6672645.0, 99.0      
 NZ_SBAM_51_VFF, 2014-07-20 22:00:28.000, 6672645.0, 99.0      
 NZ_SBAM_51_VFF, 2014-07-20 22:00:33.000, 6672646.0, 99.0      
 NZ_SBAM_51_VFF, 2014-07-20 22:00:38.000, 6672647.0, 99.0      
 NZ_SBAM_51_VFF, 2014-07-20 22:00:43.000, 6672647.0, 99.0      
 NZ_SBAM_51_VFF, 2014-07-20 22:00:48.000, 6672650.0, 99.0      
 NZ_SBAM_51_VFF, 2014-07-20 22:00:53.000, 6672650.0, 99.0      
 NZ_SBAM_51_VFF, 2014-07-20 22:00:58.000, 6672652.0, 99.0      
 NZ_SBAM_51_VFF, 2014-07-20 22:01:03.000, 6672655.0, 99.0      
 NZ_SBAM_51_VFF, 2014-07-20 22:01:08.000, 6672656.0, 99.0      
 NZ_SBAM_51_VFF, 2014-07-20 22:01:13.000, 6672657.0, 99.0      
 NZ_SBAM_51_VFF, 2014-07-20 22:01:18.000, 6672655.0, 99.0      
 NZ_SBAM_51_VFF, 2014-07-20 22:01:23.000, 6672656.0, 99.0      
 NZ_SBAM_51_VFF, 2014-07-20 22:01:28.000, 6672656.0, 99.0      
 NZ_SBAM_51_VFF, 2014-07-20 22:01:33.000, 6672658.0, 99.0      
 NZ_SBAM_51_VFF, 2014-07-20 22:01:38.000, 6672656.0, 99.0      
 NZ_SBAM_51_VFF, 2014-07-20 22:01:43.000, 6672653.0, 99.0      
 NZ_SBAM_51_VFF, 2014-07-20 22:01:48.000, 6672652.0, 99.0      
 NZ_SBAM_51_VFF, 2014-07-20 22:01:53.000, 6672651.0, 99.0      
 NZ_SBAM_51_VFF, 2014-07-20 22:01:58.000, 6672652.0, 99.0      
 NZ_SBAM_51_VFF, 2014-07-20 22:02:03.000, 6672653.0, 99.0      
 NZ_SBAM_51_VFF, 2014-07-20 22:02:08.000, 6672653.0, 99.0      
 NZ_SBAM_51_VFF, 2014-07-20 22:02:13.000, 6672653.0, 99.0      
 NZ_SBAM_51_VFF, 2014-07-20 22:02:18.000, 6672652.0, 99.0      
 NZ_SBAM_51_VFF, 2014-07-20 22:02:23.000, 6672648.0, 99.0      
 NZ_SBAM_51_VFF, 2014-07-20 22:02:28.000, 6672644.0, 99.0      
 NZ_SBAM_51_VFF, 2014-07-20 22:02:33.000, 6672641.0, 99.0      
 NZ_SBAM_51_VFF, 2014-07-20 22:02:38.000, 6672637.0, 99.0      
 NZ_SBAM_51_VFF, 2014-07-20 22:02:43.000, 6672631.0, 99.0      
 NZ_SBAM_51_VFF, 2014-07-20 22:02:48.000, 6672626.0, 99.0      
 NZ_SBAM_51_VFF, 2014-07-20 22:02:53.000, 6672620.0, 99.0      
 NZ_SBAM_51_VFF, 2014-07-20 22:02:58.000, 6672616.0, 99.0      
 NZ_SBAM_51_VFF, 2014-07-20 22:03:03.000, 6672612.0, 99.0      
 NZ_SBAM_51_VFF, 2014-07-20 22:03:08.000, 6672610.0, 99.0      
 NZ_SBAM_51_VFF, 2014-07-20 22:03:13.000, 6672608.0, 99.0      
 NZ_SBAM_51_VFF, 2014-07-20 22:03:18.000, 6672609.0, 99.0      
 NZ_SBAM_51_VFF, 2014-07-20 22:03:23.000, 6672609.0, 99.0      
 NZ_SBAM_51_VFF, 2014-07-20 22:03:28.000, 6672605.0, 99.0      
 NZ_SBAM_51_VFF, 2014-07-20 22:03:33.000, 6672604.0, 99.0      
 NZ_SBAM_51_VFF, 2014-07-20 22:03:38.000, 6672605.0, 99.0      
 NZ_SBAM_51_VFF, 2014-07-20 22:03:43.000, 6672604.0, 99.0      
 NZ_SBAM_51_VFF, 2014-07-20 22:03:48.000, 6672602.0, 99.0      
 NZ_SBAM_51_VFF, 2014-07-20 22:03:53.000, 6672600.0, 99.0      
 NZ_SBAM_51_VFF, 2014-07-20 22:03:58.000, 6672596.0, 99.0      
 NZ_SBAM_51_VFF, 2014-07-20 22:04:03.000, 6672596.0, 99.0      
 NZ_SBAM_51_VFF, 2014-07-20 22:04:08.000, 6672595.0, 99.0      
 NZ_SBAM_51_VFF, 2014-07-20 22:04:13.000, 6672591.0, 99.0      
 NZ_SBAM_51_VFF, 2014-07-20 22:04:18.000, 6672590.0, 99.0      
 NZ_SBAM_51_VFF, 2014-07-20 22:04:23.000, 6672588.0, 99.0      
 NZ_SBAM_51_VFF, 2014-07-20 22:04:28.000, 6672584.0, 99.0      
 NZ_SBAM_51_VFF, 2014-07-20 22:04:33.000, 6672583.0, 99.0      
 NZ_SBAM_51_VFF, 2014-07-20 22:04:38.000, 6672582.0, 99.0      
 NZ_SBAM_51_VFF, 2014-07-20 22:04:43.000, 6672583.0, 99.0      
 NZ_SBAM_51_VFF, 2014-07-20 22:04:48.000, 6672588.0, 99.0      
 NZ_SBAM_51_VFF, 2014-07-20 22:04:53.000, 6672589.0, 99.0      
 NZ_SBAM_51_VFF, 2014-07-20 22:04:58.000, 6672590.0, 99.0      
 NZ_SBAM_51_VFF, 2014-07-20 22:05:03.000, 6672592.0, 99.0      
 NZ_SBAM_51_VFF, 2014-07-20 22:05:08.000, 6672594.0, 99.0      
 NZ_SBAM_51_VFF, 2014-07-20 22:05:13.000, 6672595.0, 99.0      
 NZ_SBAM_51_VFF, 2014-07-20 22:05:18.000, 6672592.0, 99.0      
 NZ_SBAM_51_VFF, 2014-07-20 22:05:23.000, 6672598.0, 99.0      
 NZ_SBAM_51_VFF, 2014-07-20 22:05:28.000, 6672599.0, 99.0      
 NZ_SBAM_51_VFF, 2014-07-20 22:05:33.000, 6672602.0, 99.0      
 NZ_SBAM_51_VFF, 2014-07-20 22:05:38.000, 6672605.0, 99.0      
 NZ_SBAM_51_VFF, 2014-07-20 22:05:43.000, 6672607.0, 99.0      
 NZ_SBAM_51_VFF, 2014-07-20 22:05:48.000, 6672613.0, 99.0      
 NZ_SBAM_51_VFF, 2014-07-20 22:05:53.000, 6672617.0, 99.0      
 NZ_SBAM_51_VFF, 2014-07-20 22:05:58.000, 6672622.0, 99.0      
 NZ_SBAM_51_VFF, 2014-07-20 22:06:03.000, 6672625.0, 99.0      
 NZ_SBAM_51_VFF, 2014-07-20 22:06:08.000, 6672627.0, 99.0      
 NZ_SBAM_51_VFF, 2014-07-20 22:06:13.000, 6672630.0, 99.0      
 NZ_SBAM_51_VFF, 2014-07-20 22:06:18.000, 6672636.0, 99.0      
 NZ_SBAM_51_VFF, 2014-07-20 22:06:23.000, 6672639.0, 99.0      
 NZ_SBAM_51_VFF, 2014-07-20 22:06:28.000, 6672644.0, 99.0      
 NZ_SBAM_51_VFF, 2014-07-20 22:06:33.000, 6672649.0, 99.0      
 NZ_SBAM_51_VFF, 2014-07-20 22:06:38.000, 6672656.0, 99.0      
 NZ_SBAM_51_VFF, 2014-07-20 22:06:43.000, 6672666.0, 99.0      
 NZ_SBAM_51_VFF, 2014-07-20 22:06:48.000, 6672673.0, 99.0      
 NZ_SBAM_51_VFF, 2014-07-20 22:06:53.000, 6672677.0, 99.0      
 NZ_SBAM_51_VFF, 2014-07-20 22:06:58.000, 6672682.0, 99.0      
 NZ_SBAM_51_VFF, 2014-07-20 22:07:03.000, 6672687.0, 99.0      
 NZ_SBAM_51_VFF, 2014-07-20 22:07:08.000, 6672691.0, 99.0      
 NZ_SBAM_51_VFF, 2014-07-20 22:07:13.000, 6672695.0, 99.0      
 NZ_SBAM_51_VFF, 2014-07-20 22:07:18.000, 6672695.0, 99.0      
 NZ_SBAM_51_VFF, 2014-07-20 22:07:23.000, 6672695.0, 99.0      
 NZ_SBAM_51_VFF, 2014-07-20 22:07:28.000, 6672694.0, 99.0      
 NZ_SBAM_51_VFF, 2014-07-20 22:07:33.000, 6672694.0, 99.0      
 NZ_SBAM_51_VFF, 2014-07-20 22:07:38.000, 6672691.0, 99.0      
 NZ_SBAM_51_VFF, 2014-07-20 22:07:43.000, 6672688.0, 99.0      
 NZ_SBAM_51_VFF, 2014-07-20 22:07:48.000, 6672682.0, 99.0      
 NZ_SBAM_51_VFF, 2014-07-20 22:07:53.000, 6672678.0, 99.0      
 NZ_SBAM_51_VFF, 2014-07-20 22:07:58.000, 6672671.0, 99.0      
 NZ_SBAM_51_VFF, 2014-07-20 22:08:03.000, 6672667.0, 99.0      
 NZ_SBAM_51_VFF, 2014-07-20 22:08:08.000, 6672665.0, 99.0      
 NZ_SBAM_51_VFF, 2014-07-20 22:08:13.000, 6672664.0, 99.0      
 NZ_SBAM_51_VFF, 2014-07-20 22:08:18.000, 6672659.0, 99.0      
 NZ_SBAM_51_VFF, 2014-07-20 22:08:23.000, 6672659.0, 99.0      
 NZ_SBAM_51_VFF, 2014-07-20 22:08:28.000, 6672658.0, 99.0      
 NZ_SBAM_51_VFF, 2014-07-20 22:08:33.000, 6672656.0, 99.0      
 NZ_SBAM_51_VFF, 2014-07-20 22:08:38.000, 6672652.0, 99.0      
 NZ_SBAM_51_VFF, 2014-07-20 22:08:43.000, 6672653.0, 99.0      
 NZ_SBAM_51_VFF, 2014-07-20 22:08:48.000, 6672646.0, 99.0      
 NZ_SBAM_51_VFF, 2014-07-20 22:08:53.000, 6672644.0, 99.0      
 NZ_SBAM_51_VFF, 2014-07-20 22:08:58.000, 6672644.0, 99.0      
 NZ_SBAM_51_VFF, 2014-07-20 22:09:03.000, 6672642.0, 99.0      
 NZ_SBAM_51_VFF, 2014-07-20 22:09:08.000, 6672639.0, 99.0      
 NZ_SBAM_51_VFF, 2014-07-20 22:09:13.000, 6672636.0, 99.0      
 NZ_SBAM_51_VFF, 2014-07-20 22:09:18.000, 6672636.0, 99.0      
 NZ_SBAM_51_VFF, 2014-07-20 22:09:23.000, 6672631.0, 99.0      
 NZ_SBAM_51_VFF, 2014-07-20 22:09:28.000, 6672627.0, 99.0      
 NZ_SBAM_51_VFF, 2014-07-20 22:09:33.000, 6672624.0, 99.0      
 NZ_SBAM_51_VFF, 2014-07-20 22:09:38.000, 6672617.0, 99.0      
 NZ_SBAM_51_VFF, 2014-07-20 22:09:43.000, 6672614.0, 99.0      
 NZ_SBAM_51_VFF, 2014-07-20 22:09:48.000, 6672610.0, 99.0      
 NZ_SBAM_51_VFF, 2014-07-20 22:09:53.000, 6672604.0, 99.0      
 NZ_SBAM_51_VFF, 2014-07-20 22:09:58.000, 6672597.0, 99.0      
 NZ_SBAM_51_VFF, 2014-07-20 22:10:03.000, 6672592.0, 99.0      
 NZ_SBAM_51_VFF, 2014-07-20 22:10:08.000, 6672584.0, 99.0      
 NZ_SBAM_51_VFF, 2014-07-20 22:10:13.000, 6672581.0, 99.0      
 NZ_SBAM_51_VFF, 2014-07-20 22:10:18.000, 6672576.0, 99.0      
 NZ_SBAM_51_VFF, 2014-07-20 22:10:23.000, 6672573.0, 99.0      
 NZ_SBAM_51_VFF, 2014-07-20 22:10:28.000, 6672572.0, 99.0      
 NZ_SBAM_51_VFF, 2014-07-20 22:10:33.000, 6672570.0, 99.0      
 NZ_SBAM_51_VFF, 2014-07-20 22:10:38.000, 6672567.0, 99.0      
 NZ_SBAM_51_VFF, 2014-07-20 22:10:43.000, 6672562.0, 99.0      
 NZ_SBAM_51_VFF, 2014-07-20 22:10:48.000, 6672559.0, 99.0      
 NZ_SBAM_51_VFF, 2014-07-20 22:10:53.000, 6672557.0, 99.0      
 NZ_SBAM_51_VFF, 2014-07-20 22:10:58.000, 6672559.0, 99.0      
 NZ_SBAM_51_VFF, 2014-07-20 22:11:03.000, 6672555.0, 99.0      
 NZ_SBAM_51_VFF, 2014-07-20 22:11:08.000, 6672554.0, 99.0      
 NZ_SBAM_51_VFF, 2014-07-20 22:11:13.000, 6672556.0, 99.0      
 NZ_SBAM_51_VFF, 2014-07-20 22:11:18.000, 6672554.0, 99.0      
 NZ_SBAM_51_VFF, 2014-07-20 22:11:23.000, 6672559.0, 99.0      
 NZ_SBAM_51_VFF, 2014-07-20 22:11:28.000, 6672562.0, 99.0      
 NZ_SBAM_51_VFF, 2014-07-20 22:11:33.000, 6672558.0, 99.0      
 NZ_SBAM_51_VFF, 2014-07-20 22:11:38.000, 6672556.0, 99.0      
 NZ_SBAM_51_VFF, 2014-07-20 22:11:43.000, 6672557.0, 99.0      
 NZ_SBAM_51_VFF, 2014-07-20 22:11:48.000, 6672559.0, 99.0      
 NZ_SBAM_51_VFF, 2014-07-20 22:11:53.000, 6672556.0, 99.0      
 NZ_SBAM_51_VFF, 2014-07-20 22:11:58.000, 6672555.0, 99.0      
 NZ_SBAM_51_VFF, 2014-07-20 22:12:03.000, 6672550.0, 99.0      
 NZ_SBAM_51_VFF, 2014-07-20 22:12:08.000, 6672549.0, 99.0      
 NZ_SBAM_51_VFF, 2014-07-20 22:12:13.000, 6672547.0, 99.0      
 NZ_SBAM_51_VFF, 2014-07-20 22:12:18.000, 6672546.0, 99.0      
 NZ_SBAM_51_VFF, 2014-07-20 22:12:23.000, 6672544.0, 99.0      
 NZ_SBAM_51_VFF, 2014-07-20 22:12:28.000, 6672547.0, 99.0      
 NZ_SBAM_51_VFF, 2014-07-20 22:12:33.000, 6672548.0, 99.0      
 NZ_SBAM_51_VFF, 2014-07-20 22:12:38.000, 6672550.0, 99.0      
 NZ_SBAM_51_VFF, 2014-07-20 22:12:43.000, 6672555.0, 99.0      
 NZ_SBAM_51_VFF, 2014-07-20 22:12:48.000, 6672561.0, 99.0      
 NZ_SBAM_51_VFF, 2014-07-20 22:12:53.000, 6672566.0, 99.0      
 NZ_SBAM_51_VFF, 2014-07-20 22:12:58.000, 6672568.0, 99.0      
 NZ_SBAM_51_VFF, 2014-07-20 22:13:03.000, 6672568.0, 99.0      
 NZ_SBAM_51_VFF, 2014-07-20 22:13:08.000, 6672570.0, 99.0      
 NZ_SBAM_51_VFF, 2014-07-20 22:13:13.000, 6672573.0, 99.0      
 NZ_SBAM_51_VFF, 2014-07-20 22:13:18.000, 6672579.0, 99.0      
 NZ_SBAM_51_VFF, 2014-07-20 22:13:23.000, 6672580.0, 99.0      
 NZ_SBAM_51_VFF, 2014-07-20 22:13:28.000, 6672583.0, 99.0      
 NZ_SBAM_51_VFF, 2014-07-20 22:13:33.000, 6672589.0, 99.0      
 NZ_SBAM_51_VFF, 2014-07-20 22:13:38.000, 6672590.0, 99.0      
 NZ_SBAM_51_VFF, 2014-07-20 22:13:43.000, 6672593.0, 99.0      
 NZ_SBAM_51_VFF, 2014-07-20 22:13:48.000, 6672597.0, 99.0      
 NZ_SBAM_51_VFF, 2014-07-20 22:13:53.000, 6672599.0, 99.0      
 NZ_SBAM_51_VFF, 2014-07-20 22:13:58.000, 6672601.0, 99.0      
 NZ_SBAM_51_VFF, 2014-07-20 22:14:03.000, 6672603.0, 99.0      
 NZ_SBAM_51_VFF, 2014-07-20 22:14:08.000, 6672601.0, 99.0      
 NZ_SBAM_51_VFF, 2014-07-20 22:14:13.000, 6672599.0, 99.0      
 NZ_SBAM_51_VFF, 2014-07-20 22:14:18.000, 6672600.0, 99.0      
 NZ_SBAM_51_VFF, 2014-07-20 22:14:23.000, 6672600.0, 99.0      
 NZ_SBAM_51_VFF, 2014-07-20 22:14:28.000, 6672596.0, 99.0      
 NZ_SBAM_51_VFF, 2014-07-20 22:14:33.000, 6672595.0, 99.0      
 NZ_SBAM_51_VFF, 2014-07-20 22:14:38.000, 6672591.0, 99.0      
 NZ_SBAM_51_VFF, 2014-07-20 22:14:43.000, 6672588.0, 99.0      
 NZ_SBAM_51_VFF, 2014-07-20 22:14:48.000, 6672588.0, 99.0      
 NZ_SBAM_51_VFF, 2014-07-20 22:14:53.000, 6672584.0, 99.0      
 NZ_SBAM_51_VFF, 2014-07-20 22:14:58.000, 6672583.0, 99.0      
 NZ_SBAM_51_VFF, 2014-07-20 22:15:03.000, 6672581.0, 99.0      
 NZ_SBAM_51_VFF, 2014-07-20 22:15:08.000, 6672580.0, 99.0      
 NZ_SBAM_51_VFF, 2014-07-20 22:15:13.000, 6672581.0, 99.0      
 NZ_SBAM_51_VFF, 2014-07-20 22:15:18.000, 6672579.0, 99.0      
 NZ_SBAM_51_VFF, 2014-07-20 22:15:23.000, 6672575.0, 99.0      
 NZ_SBAM_51_VFF, 2014-07-20 22:15:28.000, 6672572.0, 99.0      
 NZ_SBAM_51_VFF, 2014-07-20 22:15:33.000, 6672568.0, 99.0      
 NZ_SBAM_51_VFF, 2014-07-20 22:15:38.000, 6672559.0, 99.0      
 NZ_SBAM_51_VFF, 2014-07-20 22:15:43.000, 6672553.0, 99.0      
 NZ_SBAM_51_VFF, 2014-07-20 22:15:48.000, 6672549.0, 99.0      
 NZ_SBAM_51_VFF, 2014-07-20 22:15:53.000, 6672544.0, 99.0      
 NZ_SBAM_51_VFF, 2014-07-20 22:15:58.000, 6672538.0, 99.0      
 NZ_SBAM_51_VFF, 2014-07-20 22:16:03.000, 6672535.0, 99.0      
 NZ_SBAM_51_VFF, 2014-07-20 22:16:08.000, 6672534.0, 99.0      
 NZ_SBAM_51_VFF, 2014-07-20 22:16:13.000, 6672537.0, 99.0      
 NZ_SBAM_51_VFF, 2014-07-20 22:16:18.000, 6672540.0, 99.0      
 NZ_SBAM_51_VFF, 2014-07-20 22:16:23.000, 6672544.0, 99.0      
 NZ_SBAM_51_VFF, 2014-07-20 22:16:28.000, 6672550.0, 99.0      
 NZ_SBAM_51_VFF, 2014-07-20 22:16:33.000, 6672554.0, 99.0      
 NZ_SBAM_51_VFF, 2014-07-20 22:16:38.000, 6672559.0, 99.0      
 NZ_SBAM_51_VFF, 2014-07-20 22:16:43.000, 6672564.0, 99.0      
 NZ_SBAM_51_VFF, 2014-07-20 22:16:48.000, 6672562.0, 99.0      
 NZ_SBAM_51_VFF, 2014-07-20 22:16:53.000, 6672562.0, 99.0      
 NZ_SBAM_51_VFF, 2014-07-20 22:16:58.000, 6672563.0, 99.0      
 NZ_SBAM_51_VFF, 2014-07-20 22:17:03.000, 6672561.0, 99.0      
 NZ_SBAM_51_VFF, 2014-07-20 22:17:08.000, 6672562.0, 99.0      
 NZ_SBAM_51_VFF, 2014-07-20 22:17:13.000, 6672560.0, 99.0      
 NZ_SBAM_51_VFF, 2014-07-20 22:17:18.000, 6672558.0, 99.0      
 NZ_SBAM_51_VFF, 2014-07-20 22:17:23.000, 6672555.0, 99.0      
 NZ_SBAM_51_VFF, 2014-07-20 22:17:28.000, 6672549.0, 99.0      
 NZ_SBAM_51_VFF, 2014-07-20 22:17:33.000, 6672547.0, 99.0      
 NZ_SBAM_51_VFF, 2014-07-20 22:17:38.000, 6672545.0, 99.0      
 NZ_SBAM_51_VFF, 2014-07-20 22:17:43.000, 6672542.0, 99.0      
 NZ_SBAM_51_VFF, 2014-07-20 22:17:48.000, 6672535.0, 99.0      
 NZ_SBAM_51_VFF, 2014-07-20 22:17:53.000, 6672529.0, 99.0      
 NZ_SBAM_51_VFF, 2014-07-20 22:17:58.000, 6672524.0, 99.0      
 NZ_SBAM_51_VFF, 2014-07-20 22:18:03.000, 6672521.0, 99.0      
 NZ_SBAM_51_VFF, 2014-07-20 22:18:08.000, 6672515.0, 99.0      
 NZ_SBAM_51_VFF, 2014-07-20 22:18:13.000, 6672514.0, 99.0      
 NZ_SBAM_51_VFF, 2014-07-20 22:18:18.000, 6672510.0, 99.0      
 NZ_SBAM_51_VFF, 2014-07-20 22:18:23.000, 6672512.0, 99.0      
 NZ_SBAM_51_VFF, 2014-07-20 22:18:28.000, 6672507.0, 99.0      
 NZ_SBAM_51_VFF, 2014-07-20 22:18:33.000, 6672506.0, 99.0      
 NZ_SBAM_51_VFF, 2014-07-20 22:18:38.000, 6672504.0, 99.0      
 NZ_SBAM_51_VFF, 2014-07-20 22:18:43.000, 6672504.0, 99.0      
 NZ_SBAM_51_VFF, 2014-07-20 22:18:48.000, 6672503.0, 99.0      
 NZ_SBAM_51_VFF, 2014-07-20 22:18:53.000, 6672502.0, 99.0      
 NZ_SBAM_51_VFF, 2014-07-20 22:18:58.000, 6672500.0, 99.0      
 NZ_SBAM_51_VFF, 2014-07-20 22:19:03.000, 6672499.0, 99.0      
 NZ_SBAM_51_VFF, 2014-07-20 22:19:08.000, 6672497.0, 99.0      
 NZ_SBAM_51_VFF, 2014-07-20 22:19:13.000, 6672496.0, 99.0      
 NZ_SBAM_51_VFF, 2014-07-20 22:19:18.000, 6672497.0, 99.0      
 NZ_SBAM_51_VFF, 2014-07-20 22:19:23.000, 6672497.0, 99.0      
 NZ_SBAM_51_VFF, 2014-07-20 22:19:28.000, 6672500.0, 99.0      
 NZ_SBAM_51_VFF, 2014-07-20 22:19:33.000, 6672503.0, 99.0      
 NZ_SBAM_51_VFF, 2014-07-20 22:19:38.000, 6672507.0, 99.0      
 NZ_SBAM_51_VFF, 2014-07-20 22:19:43.000, 6672508.0, 99.0      
 NZ_SBAM_51_VFF, 2014-07-20 22:19:48.000, 6672510.0, 99.0      
 NZ_SBAM_51_VFF, 2014-07-20 22:19:53.000, 6672511.0, 99.0      
 NZ_SBAM_51_VFF, 2014-07-20 22:19:58.000, 6672516.0, 99.0      
 NZ_SBAM_51_VFF, 2014-07-20 22:20:03.000, 6672520.0, 99.0      
 NZ_SBAM_51_VFF, 2014-07-20 22:20:08.000, 6672521.0, 99.0      
 NZ_SBAM_51_VFF, 2014-07-20 22:20:13.000, 6672527.0, 99.0      
 NZ_SBAM_51_VFF, 2014-07-20 22:20:18.000, 6672528.0, 99.0      
 NZ_SBAM_51_VFF, 2014-07-20 22:20:23.000, 6672534.0, 99.0      
 NZ_SBAM_51_VFF, 2014-07-20 22:20:28.000, 6672538.0, 99.0      
 NZ_SBAM_51_VFF, 2014-07-20 22:20:33.000, 6672545.0, 99.0      
 NZ_SBAM_51_VFF, 2014-07-20 22:20:38.000, 6672546.0, 99.0      
 NZ_SBAM_51_VFF, 2014-07-20 22:20:43.000, 6672551.0, 99.0      
 NZ_SBAM_51_VFF, 2014-07-20 22:20:48.000, 6672557.0, 99.0      
 NZ_SBAM_51_VFF, 2014-07-20 22:20:53.000, 6672559.0, 99.0      
 NZ_SBAM_51_VFF, 2014-07-20 22:20:58.000, 6672559.0, 99.0      
 NZ_SBAM_51_VFF, 2014-07-20 22:21:03.000, 6672561.0, 99.0      
 NZ_SBAM_51_VFF, 2014-07-20 22:21:08.000, 6672560.0, 99.0      
 NZ_SBAM_51_VFF, 2014-07-20 22:21:13.000, 6672564.0, 99.0      
 NZ_SBAM_51_VFF, 2014-07-20 22:21:18.000, 6672564.0, 99.0      
 NZ_SBAM_51_VFF, 2014-07-20 22:21:23.000, 6672566.0, 99.0      
 NZ_SBAM_51_VFF, 2014-07-20 22:21:28.000, 6672564.0, 99.0      
 NZ_SBAM_51_VFF, 2014-07-20 22:21:33.000, 6672563.0, 99.0      
 NZ_SBAM_51_VFF, 2014-07-20 22:21:38.000, 6672567.0, 99.0      
 NZ_SBAM_51_VFF, 2014-07-20 22:21:43.000, 6672566.0, 99.0      
 NZ_SBAM_51_VFF, 2014-07-20 22:21:48.000, 6672563.0, 99.0      
 NZ_SBAM_51_VFF, 2014-07-20 22:21:53.000, 6672562.0, 99.0      
 NZ_SBAM_51_VFF, 2014-07-20 22:21:58.000, 6672562.0, 99.0      
 NZ_SBAM_51_VFF, 2014-07-20 22:22:03.000, 6672558.0, 99.0      
 NZ_SBAM_51_VFF, 2014-07-20 22:22:08.000, 6672552.0, 99.0      
 NZ_SBAM_51_VFF, 2014-07-20 22:22:13.000, 6672546.0, 99.0      
 NZ_SBAM_51_VFF, 2014-07-20 22:22:18.000, 6672543.0, 99.0      
 NZ_SBAM_51_VFF, 2014-07-20 22:22:23.000, 6672537.0, 99.0      
 NZ_SBAM_51_VFF, 2014-07-20 22:22:28.000, 6672534.0, 99.0      
 NZ_SBAM_51_VFF, 2014-07-20 22:22:33.000, 6672528.0, 99.0      
 NZ_SBAM_51_VFF, 2014-07-20 22:22:38.000, 6672522.0, 99.0      
 NZ_SBAM_51_VFF, 2014-07-20 22:22:43.000, 6672518.0, 99.0      
 NZ_SBAM_51_VFF, 2014-07-20 22:22:48.000, 6672515.0, 99.0      
 NZ_SBAM_51_VFF, 2014-07-20 22:22:53.000, 6672513.0, 99.0      
 NZ_SBAM_51_VFF, 2014-07-20 22:22:58.000, 6672513.0, 99.0      
 NZ_SBAM_51_VFF, 2014-07-20 22:23:03.000, 6672512.0, 99.0      
 NZ_SBAM_51_VFF, 2014-07-20 22:23:08.000, 6672509.0, 99.0      
 NZ_SBAM_51_VFF, 2014-07-20 22:23:13.000, 6672508.0, 99.0      
 NZ_SBAM_51_VFF, 2014-07-20 22:23:18.000, 6672509.0, 99.0      
 NZ_SBAM_51_VFF, 2014-07-20 22:23:23.000, 6672504.0, 99.0      
 NZ_SBAM_51_VFF, 2014-07-20 22:23:28.000, 6672503.0, 99.0      
 NZ_SBAM_51_VFF, 2014-07-20 22:23:33.000, 6672494.0, 99.0      
 NZ_SBAM_51_VFF, 2014-07-20 22:23:38.000, 6672488.0, 99.0      
 NZ_SBAM_51_VFF, 2014-07-20 22:23:43.000, 6672478.0, 99.0      
 NZ_SBAM_51_VFF, 2014-07-20 22:23:48.000, 6672470.0, 99.0      
 NZ_SBAM_51_VFF, 2014-07-20 22:23:53.000, 6672460.0, 99.0      
 NZ_SBAM_51_VFF, 2014-07-20 22:23:58.000, 6672450.0, 99.0      
 NZ_SBAM_51_VFF, 2014-07-20 22:24:03.000, 6672445.0, 99.0      
 NZ_SBAM_51_VFF, 2014-07-20 22:24:08.000, 6672439.0, 99.0      
 NZ_SBAM_51_VFF, 2014-07-20 22:24:13.000, 6672433.0, 99.0      
 NZ_SBAM_51_VFF, 2014-07-20 22:24:18.000, 6672429.0, 99.0      
 NZ_SBAM_51_VFF, 2014-07-20 22:24:23.000, 6672422.0, 99.0      
 NZ_SBAM_51_VFF, 2014-07-20 22:24:28.000, 6672416.0, 99.0      
 NZ_SBAM_51_VFF, 2014-07-20 22:24:33.000, 6672411.0, 99.0      
 NZ_SBAM_51_VFF, 2014-07-20 22:24:38.000, 6672408.0, 99.0      
 NZ_SBAM_51_VFF, 2014-07-20 22:24:43.000, 6672403.0, 99.0      
 NZ_SBAM_51_VFF, 2014-07-20 22:24:48.000, 6672401.0, 99.0      
 NZ_SBAM_51_VFF, 2014-07-20 22:24:53.000, 6672403.0, 99.0      
 NZ_SBAM_51_VFF, 2014-07-20 22:24:58.000, 6672402.0, 99.0      
 NZ_SBAM_51_VFF, 2014-07-20 22:25:03.000, 6672401.0, 99.0      
 NZ_SBAM_51_VFF, 2014-07-20 22:25:08.000, 6672396.0, 99.0      
 NZ_SBAM_51_VFF, 2014-07-20 22:25:13.000, 6672395.0, 99.0      
 NZ_SBAM_51_VFF, 2014-07-20 22:25:18.000, 6672391.0, 99.0      
 NZ_SBAM_51_VFF, 2014-07-20 22:25:23.000, 6672388.0, 99.0      
 NZ_SBAM_51_VFF, 2014-07-20 22:25:28.000, 6672381.0, 99.0      
 NZ_SBAM_51_VFF, 2014-07-20 22:25:33.000, 6672379.0, 99.0      
 NZ_SBAM_51_VFF, 2014-07-20 22:25:38.000, 6672377.0, 99.0      
 NZ_SBAM_51_VFF, 2014-07-20 22:25:43.000, 6672374.0, 99.0      
 NZ_SBAM_51_VFF, 2014-07-20 22:25:48.000, 6672375.0, 99.0      
 NZ_SBAM_51_VFF, 2014-07-20 22:25:53.000, 6672377.0, 99.0      
 NZ_SBAM_51_VFF, 2014-07-20 22:25:58.000, 6672375.0, 99.0      
 NZ_SBAM_51_VFF, 2014-07-20 22:26:03.000, 6672371.0, 99.0      
 NZ_SBAM_51_VFF, 2014-07-20 22:26:08.000, 6672368.0, 99.0      
 NZ_SBAM_51_VFF, 2014-07-20 22:26:13.000, 6672363.0, 99.0      
 NZ_SBAM_51_VFF, 2014-07-20 22:26:18.000, 6672359.0, 99.0      
 NZ_SBAM_51_VFF, 2014-07-20 22:26:23.000, 6672357.0, 99.0      
 NZ_SBAM_51_VFF, 2014-07-20 22:26:28.000, 6672358.0, 99.0      
 NZ_SBAM_51_VFF, 2014-07-20 22:26:33.000, 6672356.0, 99.0      
 NZ_SBAM_51_VFF, 2014-07-20 22:26:38.000, 6672353.0, 99.0      
 NZ_SBAM_51_VFF, 2014-07-20 22:26:43.000, 6672350.0, 99.0      
 NZ_SBAM_51_VFF, 2014-07-20 22:26:48.000, 6672349.0, 99.0      
 NZ_SBAM_51_VFF, 2014-07-20 22:26:53.000, 6672343.0, 99.0      
 NZ_SBAM_51_VFF, 2014-07-20 22:26:58.000, 6672338.0, 99.0      
 NZ_SBAM_51_VFF, 2014-07-20 22:27:03.000, 6672333.0, 99.0      
 NZ_SBAM_51_VFF, 2014-07-20 22:27:08.000, 6672329.0, 99.0      
 NZ_SBAM_51_VFF, 2014-07-20 22:27:13.000, 6672324.0, 99.0      
 NZ_SBAM_51_VFF, 2014-07-20 22:27:18.000, 6672321.0, 99.0      
 NZ_SBAM_51_VFF, 2014-07-20 22:27:23.000, 6672316.0, 99.0      
 NZ_SBAM_51_VFF, 2014-07-20 22:27:28.000, 6672314.0, 99.0      
 NZ_SBAM_51_VFF, 2014-07-20 22:27:33.000, 6672313.0, 99.0      
 NZ_SBAM_51_VFF, 2014-07-20 22:27:38.000, 6672316.0, 99.0      
 NZ_SBAM_51_VFF, 2014-07-20 22:27:43.000, 6672317.0, 99.0      
 NZ_SBAM_51_VFF, 2014-07-20 22:27:48.000, 6672317.0, 99.0      
 NZ_SBAM_51_VFF, 2014-07-20 22:27:53.000, 6672315.0, 99.0      
 NZ_SBAM_51_VFF, 2014-07-20 22:27:58.000, 6672313.0, 99.0      
 NZ_SBAM_51_VFF, 2014-07-20 22:28:03.000, 6672308.0, 99.0      
 NZ_SBAM_51_VFF, 2014-07-20 22:28:08.000, 6672302.0, 99.0      
 NZ_SBAM_51_VFF, 2014-07-20 22:28:13.000, 6672294.0, 99.0      
 NZ_SBAM_51_VFF, 2014-07-20 22:28:18.000, 6672287.0, 99.0      
 NZ_SBAM_51_VFF, 2014-07-20 22:28:23.000, 6672281.0, 99.0      
 NZ_SBAM_51_VFF, 2014-07-20 22:28:28.000, 6672277.0, 99.0      
 NZ_SBAM_51_VFF, 2014-07-20 22:28:33.000, 6672274.0, 99.0      
 NZ_SBAM_51_VFF, 2014-07-20 22:28:38.000, 6672274.0, 99.0      
 NZ_SBAM_51_VFF, 2014-07-20 22:28:43.000, 6672274.0, 99.0      
 NZ_SBAM_51_VFF, 2014-07-20 22:28:48.000, 6672270.0, 99.0      
 NZ_SBAM_51_VFF, 2014-07-20 22:28:53.000, 6672272.0, 99.0      
 NZ_SBAM_51_VFF, 2014-07-20 22:28:58.000, 6672276.0, 99.0      
 NZ_SBAM_51_VFF, 2014-07-20 22:29:03.000, 6672275.0, 99.0      
 NZ_SBAM_51_VFF, 2014-07-20 22:29:08.000, 6672277.0, 99.0      
 NZ_SBAM_51_VFF, 2014-07-20 22:29:13.000, 6672283.0, 99.0      
 NZ_SBAM_51_VFF, 2014-07-20 22:29:18.000, 6672286.0, 99.0      
 NZ_SBAM_51_VFF, 2014-07-20 22:29:23.000, 6672290.0, 99.0      
 NZ_SBAM_51_VFF, 2014-07-20 22:29:28.000, 6672297.0, 99.0      
 NZ_SBAM_51_VFF, 2014-07-20 22:29:33.000, 6672303.0, 99.0      
 NZ_SBAM_51_VFF, 2014-07-20 22:29:38.000, 6672309.0, 99.0      
 NZ_SBAM_51_VFF, 2014-07-20 22:29:43.000, 6672312.0, 99.0      
 NZ_SBAM_51_VFF, 2014-07-20 22:29:48.000, 6672314.0, 99.0      
 NZ_SBAM_51_VFF, 2014-07-20 22:29:53.000, 6672320.0, 99.0      
 NZ_SBAM_51_VFF, 2014-07-20 22:29:58.000, 6672320.0, 99.0      
 NZ_SBAM_51_VFF, 2014-07-20 22:30:03.000, 6672324.0, 99.0      
 NZ_SBAM_51_VFF, 2014-07-20 22:30:08.000, 6672325.0, 99.0      
 NZ_SBAM_51_VFF, 2014-07-20 22:30:13.000, 6672328.0, 99.0      
 NZ_SBAM_51_VFF, 2014-07-20 22:30:18.000, 6672329.0, 99.0      
 NZ_SBAM_51_VFF, 2014-07-20 22:30:23.000, 6672332.0, 99.0      
 NZ_SBAM_51_VFF, 2014-07-20 22:30:28.000, 6672336.0, 99.0      
 NZ_SBAM_51_VFF, 2014-07-20 22:30:33.000, 6672342.0, 99.0      
 NZ_SBAM_51_VFF, 2014-07-20 22:30:38.000, 6672345.0, 99.0      
 NZ_SBAM_51_VFF, 2014-07-20 22:30:43.000, 6672354.0, 99.0      
 NZ_SBAM_51_VFF, 2014-07-20 22:30:48.000, 6672360.0, 99.0      
 NZ_SBAM_51_VFF, 2014-07-20 22:30:53.000, 6672364.0, 99.0      
 NZ_SBAM_51_VFF, 2014-07-20 22:30:58.000, 6672372.0, 99.0      
 NZ_SBAM_51_VFF, 2014-07-20 22:31:03.000, 6672379.0, 99.0      
 NZ_SBAM_51_VFF, 2014-07-20 22:31:08.000, 6672385.0, 99.0      
 NZ_SBAM_51_VFF, 2014-07-20 22:31:13.000, 6672389.0, 99.0      
 NZ_SBAM_51_VFF, 2014-07-20 22:31:18.000, 6672397.0, 99.0      
 NZ_SBAM_51_VFF, 2014-07-20 22:31:23.000, 6672402.0, 99.0      
 NZ_SBAM_51_VFF, 2014-07-20 22:31:28.000, 6672406.0, 99.0      
 NZ_SBAM_51_VFF, 2014-07-20 22:31:33.000, 6672417.0, 99.0      
 NZ_SBAM_51_VFF, 2014-07-20 22:31:38.000, 6672423.0, 99.0      
 NZ_SBAM_51_VFF, 2014-07-20 22:31:43.000, 6672432.0, 99.0      
 NZ_SBAM_51_VFF, 2014-07-20 22:31:48.000, 6672438.0, 99.0      
 NZ_SBAM_51_VFF, 2014-07-20 22:31:53.000, 6672441.0, 99.0      
 NZ_SBAM_51_VFF, 2014-07-20 22:31:58.000, 6672441.0, 99.0      
 NZ_SBAM_51_VFF, 2014-07-20 22:32:03.000, 6672442.0, 99.0      
 NZ_SBAM_51_VFF, 2014-07-20 22:32:08.000, 6672439.0, 99.0      
 NZ_SBAM_51_VFF, 2014-07-20 22:32:13.000, 6672435.0, 99.0      
 NZ_SBAM_51_VFF, 2014-07-20 22:32:18.000, 6672436.0, 99.0      
 NZ_SBAM_51_VFF, 2014-07-20 22:32:23.000, 6672437.0, 99.0      
 NZ_SBAM_51_VFF, 2014-07-20 22:32:28.000, 6672437.0, 99.0      
 NZ_SBAM_51_VFF, 2014-07-20 22:32:33.000, 6672436.0, 99.0      
 NZ_SBAM_51_VFF, 2014-07-20 22:32:38.000, 6672436.0, 99.0      
 NZ_SBAM_51_VFF, 2014-07-20 22:32:43.000, 6672435.0, 99.0      
 NZ_SBAM_51_VFF, 2014-07-20 22:32:48.000, 6672438.0, 99.0      
 NZ_SBAM_51_VFF, 2014-07-20 22:32:53.000, 6672437.0, 99.0      
 NZ_SBAM_51_VFF, 2014-07-20 22:32:58.000, 6672442.0, 99.0      
 NZ_SBAM_51_VFF, 2014-07-20 22:33:03.000, 6672440.0, 99.0      
 NZ_SBAM_51_VFF, 2014-07-20 22:33:08.000, 6672441.0, 99.0      
 NZ_SBAM_51_VFF, 2014-07-20 22:33:13.000, 6672445.0, 99.0      
 NZ_SBAM_51_VFF, 2014-07-20 22:33:18.000, 6672448.0, 99.0      
 NZ_SBAM_51_VFF, 2014-07-20 22:33:23.000, 6672452.0, 99.0      
 NZ_SBAM_51_VFF, 2014-07-20 22:33:28.000, 6672456.0, 99.0      
 NZ_SBAM_51_VFF, 2014-07-20 22:33:33.000, 6672460.0, 99.0      
 NZ_SBAM_51_VFF, 2014-07-20 22:33:38.000, 6672464.0, 99.0      
 NZ_SBAM_51_VFF, 2014-07-20 22:33:43.000, 6672471.0, 99.0      
 NZ_SBAM_51_VFF, 2014-07-20 22:33:48.000, 6672480.0, 99.0      
 NZ_SBAM_51_VFF, 2014-07-20 22:33:53.000, 6672486.0, 99.0      
 NZ_SBAM_51_VFF, 2014-07-20 22:33:58.000, 6672488.0, 99.0      
 NZ_SBAM_51_VFF, 2014-07-20 22:34:03.000, 6672488.0, 99.0      
 NZ_SBAM_51_VFF, 2014-07-20 22:34:08.000, 6672485.0, 99.0      
 NZ_SBAM_51_VFF, 2014-07-20 22:34:13.000, 6672484.0, 99.0      
 NZ_SBAM_51_VFF, 2014-07-20 22:34:18.000, 6672482.0, 99.0      
 NZ_SBAM_51_VFF, 2014-07-20 22:34:23.000, 6672483.0, 99.0      
 NZ_SBAM_51_VFF, 2014-07-20 22:34:28.000, 6672484.0, 99.0      
 NZ_SBAM_51_VFF, 2014-07-20 22:34:33.000, 6672488.0, 99.0      
 NZ_SBAM_51_VFF, 2014-07-20 22:34:38.000, 6672491.0, 99.0      
 NZ_SBAM_51_VFF, 2014-07-20 22:34:43.000, 6672494.0, 99.0      
 NZ_SBAM_51_VFF, 2014-07-20 22:34:48.000, 6672499.0, 99.0      
 NZ_SBAM_51_VFF, 2014-07-20 22:34:53.000, 6672500.0, 99.0      
 NZ_SBAM_51_VFF, 2014-07-20 22:34:58.000, 6672502.0, 99.0      
 NZ_SBAM_51_VFF, 2014-07-20 22:35:03.000, 6672502.0, 99.0      
 NZ_SBAM_51_VFF, 2014-07-20 22:35:08.000, 6672503.0, 99.0      
 NZ_SBAM_51_VFF, 2014-07-20 22:35:13.000, 6672503.0, 99.0      
 NZ_SBAM_51_VFF, 2014-07-20 22:35:18.000, 6672506.0, 99.0      
 NZ_SBAM_51_VFF, 2014-07-20 22:35:23.000, 6672513.0, 99.0      
 NZ_SBAM_51_VFF, 2014-07-20 22:35:28.000, 6672518.0, 99.0      
 NZ_SBAM_51_VFF, 2014-07-20 22:35:33.000, 6672523.0, 99.0      
 NZ_SBAM_51_VFF, 2014-07-20 22:35:38.000, 6672529.0, 99.0      
 NZ_SBAM_51_VFF, 2014-07-20 22:35:43.000, 6672530.0, 99.0      
 NZ_SBAM_51_VFF, 2014-07-20 22:35:48.000, 6672529.0, 99.0      
 NZ_SBAM_51_VFF, 2014-07-20 22:35:53.000, 6672527.0, 99.0      
 NZ_SBAM_51_VFF, 2014-07-20 22:35:58.000, 6672526.0, 99.0      
 NZ_SBAM_51_VFF, 2014-07-20 22:36:03.000, 6672529.0, 99.0      
 NZ_SBAM_51_VFF, 2014-07-20 22:36:08.000, 6672534.0, 99.0      
 NZ_SBAM_51_VFF, 2014-07-20 22:36:13.000, 6672542.0, 99.0      
 NZ_SBAM_51_VFF, 2014-07-20 22:36:18.000, 6672552.0, 99.0      
 NZ_SBAM_51_VFF, 2014-07-20 22:36:23.000, 6672560.0, 99.0      
 NZ_SBAM_51_VFF, 2014-07-20 22:36:28.000, 6672569.0, 99.0      
 NZ_SBAM_51_VFF, 2014-07-20 22:36:33.000, 6672575.0, 99.0      
 NZ_SBAM_51_VFF, 2014-07-20 22:36:38.000, 6672577.0, 99.0      
 NZ_SBAM_51_VFF, 2014-07-20 22:36:43.000, 6672574.0, 99.0      
 NZ_SBAM_51_VFF, 2014-07-20 22:36:48.000, 6672569.0, 99.0      
 NZ_SBAM_51_VFF, 2014-07-20 22:36:53.000, 6672563.0, 99.0      
 NZ_SBAM_51_VFF, 2014-07-20 22:36:58.000, 6672557.0, 99.0      
 NZ_SBAM_51_VFF, 2014-07-20 22:37:03.000, 6672553.0, 99.0      
 NZ_SBAM_51_VFF, 2014-07-20 22:37:08.000, 6672551.0, 99.0      
 NZ_SBAM_51_VFF, 2014-07-20 22:37:13.000, 6672553.0, 99.0      
 NZ_SBAM_51_VFF, 2014-07-20 22:37:18.000, 6672553.0, 99.0      
 NZ_SBAM_51_VFF, 2014-07-20 22:37:23.000, 6672555.0, 99.0      
 NZ_SBAM_51_VFF, 2014-07-20 22:37:28.000, 6672555.0, 99.0      
 NZ_SBAM_51_VFF, 2014-07-20 22:37:33.000, 6672549.0, 99.0      
 NZ_SBAM_51_VFF, 2014-07-20 22:37:38.000, 6672547.0, 99.0      
 NZ_SBAM_51_VFF, 2014-07-20 22:37:43.000, 6672541.0, 99.0      
 NZ_SBAM_51_VFF, 2014-07-20 22:37:48.000, 6672537.0, 99.0      
 NZ_SBAM_51_VFF, 2014-07-20 22:37:53.000, 6672531.0, 99.0      
 NZ_SBAM_51_VFF, 2014-07-20 22:37:58.000, 6672522.0, 99.0      
 NZ_SBAM_51_VFF, 2014-07-20 22:38:03.000, 6672512.0, 99.0      
 NZ_SBAM_51_VFF, 2014-07-20 22:38:08.000, 6672499.0, 99.0      
 NZ_SBAM_51_VFF, 2014-07-20 22:38:13.000, 6672484.0, 99.0      
 NZ_SBAM_51_VFF, 2014-07-20 22:38:18.000, 6672473.0, 99.0      
 NZ_SBAM_51_VFF, 2014-07-20 22:38:23.000, 6672462.0, 99.0      
 NZ_SBAM_51_VFF, 2014-07-20 22:38:28.000, 6672454.0, 99.0      
 NZ_SBAM_51_VFF, 2014-07-20 22:38:33.000, 6672447.0, 99.0      
 NZ_SBAM_51_VFF, 2014-07-20 22:38:38.000, 6672446.0, 99.0      
 NZ_SBAM_51_VFF, 2014-07-20 22:38:43.000, 6672445.0, 99.0      
 NZ_SBAM_51_VFF, 2014-07-20 22:38:48.000, 6672443.0, 99.0      
 NZ_SBAM_51_VFF, 2014-07-20 22:38:53.000, 6672443.0, 99.0      
 NZ_SBAM_51_VFF, 2014-07-20 22:38:58.000, 6672440.0, 99.0      
 NZ_SBAM_51_VFF, 2014-07-20 22:39:03.000, 6672435.0, 99.0      
 NZ_SBAM_51_VFF, 2014-07-20 22:39:08.000, 6672430.0, 99.0      
 NZ_SBAM_51_VFF, 2014-07-20 22:39:13.000, 6672429.0, 99.0      
 NZ_SBAM_51_VFF, 2014-07-20 22:39:18.000, 6672430.0, 99.0      
 NZ_SBAM_51_VFF, 2014-07-20 22:39:23.000, 6672432.0, 99.0      
 NZ_SBAM_51_VFF, 2014-07-20 22:39:28.000, 6672436.0, 99.0      
 NZ_SBAM_51_VFF, 2014-07-20 22:39:33.000, 6672435.0, 99.0      
 NZ_SBAM_51_VFF, 2014-07-20 22:39:38.000, 6672436.0, 99.0      
 NZ_SBAM_51_VFF, 2014-07-20 22:39:43.000, 6672433.0, 99.0      
 NZ_SBAM_51_VFF, 2014-07-20 22:39:48.000, 6672431.0, 99.0      
 NZ_SBAM_51_VFF, 2014-07-20 22:39:53.000, 6672425.0, 99.0      
 NZ_SBAM_51_VFF, 2014-07-20 22:39:58.000, 6672419.0, 99.0      
 NZ_SBAM_51_VFF, 2014-07-20 22:40:03.000, 6672409.0, 99.0      
 NZ_SBAM_51_VFF, 2014-07-20 22:40:08.000, 6672399.0, 99.0      
 NZ_SBAM_51_VFF, 2014-07-20 22:40:13.000, 6672391.0, 99.0      
 NZ_SBAM_51_VFF, 2014-07-20 22:40:18.000, 6672385.0, 99.0      
 NZ_SBAM_51_VFF, 2014-07-20 22:40:23.000, 6672384.0, 99.0      
 NZ_SBAM_51_VFF, 2014-07-20 22:40:28.000, 6672383.0, 99.0      
 NZ_SBAM_51_VFF, 2014-07-20 22:40:33.000, 6672382.0, 99.0      
 NZ_SBAM_51_VFF, 2014-07-20 22:40:38.000, 6672378.0, 99.0      
 NZ_SBAM_51_VFF, 2014-07-20 22:40:43.000, 6672374.0, 99.0      
 NZ_SBAM_51_VFF, 2014-07-20 22:40:48.000, 6672371.0, 99.0      
 NZ_SBAM_51_VFF, 2014-07-20 22:40:53.000, 6672365.0, 99.0      
 NZ_SBAM_51_VFF, 2014-07-20 22:40:58.000, 6672361.0, 99.0      
 NZ_SBAM_51_VFF, 2014-07-20 22:41:03.000, 6672355.0, 99.0      
 NZ_SBAM_51_VFF, 2014-07-20 22:41:08.000, 6672351.0, 99.0      
 NZ_SBAM_51_VFF, 2014-07-20 22:41:13.000, 6672348.0, 99.0      
 NZ_SBAM_51_VFF, 2014-07-20 22:41:18.000, 6672342.0, 99.0      
 NZ_SBAM_51_VFF, 2014-07-20 22:41:23.000, 6672338.0, 99.0      
 NZ_SBAM_51_VFF, 2014-07-20 22:41:28.000, 6672333.0, 99.0      
 NZ_SBAM_51_VFF, 2014-07-20 22:41:33.000, 6672331.0, 99.0      
 NZ_SBAM_51_VFF, 2014-07-20 22:41:38.000, 6672326.0, 99.0      
 NZ_SBAM_51_VFF, 2014-07-20 22:41:43.000, 6672326.0, 99.0      
 NZ_SBAM_51_VFF, 2014-07-20 22:41:48.000, 6672326.0, 99.0      
 NZ_SBAM_51_VFF, 2014-07-20 22:41:53.000, 6672322.0, 99.0      
 NZ_SBAM_51_VFF, 2014-07-20 22:41:58.000, 6672320.0, 99.0      
 NZ_SBAM_51_VFF, 2014-07-20 22:42:03.000, 6672317.0, 99.0      
 NZ_SBAM_51_VFF, 2014-07-20 22:42:08.000, 6672314.0, 99.0      
 NZ_SBAM_51_VFF, 2014-07-20 22:42:13.000, 6672311.0, 99.0      
 NZ_SBAM_51_VFF, 2014-07-20 22:42:18.000, 6672309.0, 99.0      
 NZ_SBAM_51_VFF, 2014-07-20 22:42:23.000, 6672306.0, 99.0      
 NZ_SBAM_51_VFF, 2014-07-20 22:42:28.000, 6672304.0, 99.0      
 NZ_SBAM_51_VFF, 2014-07-20 22:42:33.000, 6672303.0, 99.0      
 NZ_SBAM_51_VFF, 2014-07-20 22:42:38.000, 6672302.0, 99.0      
 NZ_SBAM_51_VFF, 2014-07-20 22:42:43.000, 6672303.0, 99.0      
 NZ_SBAM_51_VFF, 2014-07-20 22:42:48.000, 6672297.0, 99.0      
 NZ_SBAM_51_VFF, 2014-07-20 22:42:53.000, 6672294.0, 99.0      
 NZ_SBAM_51_VFF, 2014-07-20 22:42:58.000, 6672289.0, 99.0      
 NZ_SBAM_51_VFF, 2014-07-20 22:43:03.000, 6672287.0, 99.0      
 NZ_SBAM_51_VFF, 2014-07-20 22:43:08.000, 6672283.0, 99.0      
 NZ_SBAM_51_VFF, 2014-07-20 22:43:13.000, 6672281.0, 99.0      
 NZ_SBAM_51_VFF, 2014-07-20 22:43:18.000, 6672278.0, 99.0      
 NZ_SBAM_51_VFF, 2014-07-20 22:43:23.000, 6672273.0, 99.0      
 NZ_SBAM_51_VFF, 2014-07-20 22:43:28.000, 6672272.0, 99.0      
 NZ_SBAM_51_VFF, 2014-07-20 22:43:33.000, 6672270.0, 99.0      
 NZ_SBAM_51_VFF, 2014-07-20 22:43:38.000, 6672265.0, 99.0      
 NZ_SBAM_51_VFF, 2014-07-20 22:43:43.000, 6672258.0, 99.0      
 NZ_SBAM_51_VFF, 2014-07-20 22:43:48.000, 6672251.0, 99.0      
 NZ_SBAM_51_VFF, 2014-07-20 22:43:53.000, 6672243.0, 99.0      
 NZ_SBAM_51_VFF, 2014-07-20 22:43:58.000, 6672235.0, 99.0      
 NZ_SBAM_51_VFF, 2014-07-20 22:44:03.000, 6672228.0, 99.0      
 NZ_SBAM_51_VFF, 2014-07-20 22:44:08.000, 6672224.0, 99.0      
 NZ_SBAM_51_VFF, 2014-07-20 22:44:13.000, 6672219.0, 99.0      
 NZ_SBAM_51_VFF, 2014-07-20 22:44:18.000, 6672217.0, 99.0      
 NZ_SBAM_51_VFF, 2014-07-20 22:44:23.000, 6672217.0, 99.0      
 NZ_SBAM_51_VFF, 2014-07-20 22:44:28.000, 6672216.0, 99.0      
 NZ_SBAM_51_VFF, 2014-07-20 22:44:33.000, 6672219.0, 99.0      
 NZ_SBAM_51_VFF, 2014-07-20 22:44:38.000, 6672219.0, 99.0      
 NZ_SBAM_51_VFF, 2014-07-20 22:44:43.000, 6672221.0, 99.0      
 NZ_SBAM_51_VFF, 2014-07-20 22:44:48.000, 6672223.0, 99.0      
 NZ_SBAM_51_VFF, 2014-07-20 22:44:53.000, 6672223.0, 99.0      
 NZ_SBAM_51_VFF, 2014-07-20 22:44:58.000, 6672224.0, 99.0      
 NZ_SBAM_51_VFF, 2014-07-20 22:45:03.000, 6672222.0, 99.0      
 NZ_SBAM_51_VFF, 2014-07-20 22:45:08.000, 6672220.0, 99.0      
 NZ_SBAM_51_VFF, 2014-07-20 22:45:13.000, 6672216.0, 99.0      
 NZ_SBAM_51_VFF, 2014-07-20 22:45:18.000, 6672213.0, 99.0      
 NZ_SBAM_51_VFF, 2014-07-20 22:45:23.000, 6672216.0, 99.0      
 NZ_SBAM_51_VFF, 2014-07-20 22:45:28.000, 6672220.0, 99.0      
 NZ_SBAM_51_VFF, 2014-07-20 22:45:33.000, 6672226.0, 99.0      
 NZ_SBAM_51_VFF, 2014-07-20 22:45:38.000, 6672233.0, 99.0      
 NZ_SBAM_51_VFF, 2014-07-20 22:45:43.000, 6672240.0, 99.0      
 NZ_SBAM_51_VFF, 2014-07-20 22:45:48.000, 6672243.0, 99.0      
 NZ_SBAM_51_VFF, 2014-07-20 22:45:53.000, 6672248.0, 99.0      
 NZ_SBAM_51_VFF, 2014-07-20 22:45:58.000, 6672253.0, 99.0      
 NZ_SBAM_51_VFF, 2014-07-20 22:46:03.000, 6672256.0, 99.0      
 NZ_SBAM_51_VFF, 2014-07-20 22:46:08.000, 6672256.0, 99.0      
 NZ_SBAM_51_VFF, 2014-07-20 22:46:13.000, 6672258.0, 99.0      
 NZ_SBAM_51_VFF, 2014-07-20 22:46:18.000, 6672262.0, 99.0      
 NZ_SBAM_51_VFF, 2014-07-20 22:46:23.000, 6672265.0, 99.0      
 NZ_SBAM_51_VFF, 2014-07-20 22:46:28.000, 6672266.0, 99.0      
 NZ_SBAM_51_VFF, 2014-07-20 22:46:33.000, 6672267.0, 99.0      
 NZ_SBAM_51_VFF, 2014-07-20 22:46:38.000, 6672274.0, 99.0      
 NZ_SBAM_51_VFF, 2014-07-20 22:46:43.000, 6672276.0, 99.0      
 NZ_SBAM_51_VFF, 2014-07-20 22:46:48.000, 6672281.0, 99.0      
 NZ_SBAM_51_VFF, 2014-07-20 22:46:53.000, 6672286.0, 99.0      
 NZ_SBAM_51_VFF, 2014-07-20 22:46:58.000, 6672292.0, 99.0      
 NZ_SBAM_51_VFF, 2014-07-20 22:47:03.000, 6672299.0, 99.0      
 NZ_SBAM_51_VFF, 2014-07-20 22:47:08.000, 6672304.0, 99.0      
 NZ_SBAM_51_VFF, 2014-07-20 22:47:13.000, 6672307.0, 99.0      
 NZ_SBAM_51_VFF, 2014-07-20 22:47:18.000, 6672311.0, 99.0      
 NZ_SBAM_51_VFF, 2014-07-20 22:47:23.000, 6672312.0, 99.0      
 NZ_SBAM_51_VFF, 2014-07-20 22:47:28.000, 6672317.0, 99.0      
 NZ_SBAM_51_VFF, 2014-07-20 22:47:33.000, 6672323.0, 99.0      
 NZ_SBAM_51_VFF, 2014-07-20 22:47:38.000, 6672329.0, 99.0      
 NZ_SBAM_51_VFF, 2014-07-20 22:47:43.000, 6672333.0, 99.0      
 NZ_SBAM_51_VFF, 2014-07-20 22:47:48.000, 6672335.0, 99.0      
 NZ_SBAM_51_VFF, 2014-07-20 22:47:53.000, 6672336.0, 99.0      
 NZ_SBAM_51_VFF, 2014-07-20 22:47:58.000, 6672333.0, 99.0      
 NZ_SBAM_51_VFF, 2014-07-20 22:48:03.000, 6672334.0, 99.0      
 NZ_SBAM_51_VFF, 2014-07-20 22:48:08.000, 6672331.0, 99.0      
 NZ_SBAM_51_VFF, 2014-07-20 22:48:13.000, 6672332.0, 99.0      
 NZ_SBAM_51_VFF, 2014-07-20 22:48:18.000, 6672329.0, 99.0      
 NZ_SBAM_51_VFF, 2014-07-20 22:48:23.000, 6672330.0, 99.0      
 NZ_SBAM_51_VFF, 2014-07-20 22:48:28.000, 6672330.0, 99.0      
 NZ_SBAM_51_VFF, 2014-07-20 22:48:33.000, 6672329.0, 99.0      
 NZ_SBAM_51_VFF, 2014-07-20 22:48:38.000, 6672331.0, 99.0      
 NZ_SBAM_51_VFF, 2014-07-20 22:48:43.000, 6672329.0, 99.0      
 NZ_SBAM_51_VFF, 2014-07-20 22:48:48.000, 6672332.0, 99.0      
 NZ_SBAM_51_VFF, 2014-07-20 22:48:53.000, 6672330.0, 99.0      
 NZ_SBAM_51_VFF, 2014-07-20 22:48:58.000, 6672328.0, 99.0      
 NZ_SBAM_51_VFF, 2014-07-20 22:49:03.000, 6672328.0, 99.0      
 NZ_SBAM_51_VFF, 2014-07-20 22:49:08.000, 6672329.0, 99.0      
 NZ_SBAM_51_VFF, 2014-07-20 22:49:13.000, 6672334.0, 99.0      
 NZ_SBAM_51_VFF, 2014-07-20 22:49:18.000, 6672334.0, 99.0      
 NZ_SBAM_51_VFF, 2014-07-20 22:49:23.000, 6672334.0, 99.0      
 NZ_SBAM_51_VFF, 2014-07-20 22:49:28.000, 6672333.0, 99.0      
 NZ_SBAM_51_VFF, 2014-07-20 22:49:33.000, 6672337.0, 99.0      
 NZ_SBAM_51_VFF, 2014-07-20 22:49:38.000, 6672340.0, 99.0      
 NZ_SBAM_51_VFF, 2014-07-20 22:49:43.000, 6672340.0, 99.0      
 NZ_SBAM_51_VFF, 2014-07-20 22:49:48.000, 6672340.0, 99.0      
 NZ_SBAM_51_VFF, 2014-07-20 22:49:53.000, 6672344.0, 99.0      
 NZ_SBAM_51_VFF, 2014-07-20 22:49:58.000, 6672348.0, 99.0      
 NZ_SBAM_51_VFF, 2014-07-20 22:50:03.000, 6672351.0, 99.0      
 NZ_SBAM_51_VFF, 2014-07-20 22:50:08.000, 6672355.0, 99.0      
 NZ_SBAM_51_VFF, 2014-07-20 22:50:13.000, 6672358.0, 99.0      
 NZ_SBAM_51_VFF, 2014-07-20 22:50:18.000, 6672360.0, 99.0      
 NZ_SBAM_51_VFF, 2014-07-20 22:50:23.000, 6672363.0, 99.0      
 NZ_SBAM_51_VFF, 2014-07-20 22:50:28.000, 6672364.0, 99.0      
 NZ_SBAM_51_VFF, 2014-07-20 22:50:33.000, 6672369.0, 99.0      
 NZ_SBAM_51_VFF, 2014-07-20 22:50:38.000, 6672370.0, 99.0      
 NZ_SBAM_51_VFF, 2014-07-20 22:50:43.000, 6672374.0, 99.0      
 NZ_SBAM_51_VFF, 2014-07-20 22:50:48.000, 6672374.0, 99.0      
 NZ_SBAM_51_VFF, 2014-07-20 22:50:53.000, 6672376.0, 99.0      
 NZ_SBAM_51_VFF, 2014-07-20 22:50:58.000, 6672380.0, 99.0      
 NZ_SBAM_51_VFF, 2014-07-20 22:51:03.000, 6672380.0, 99.0      
 NZ_SBAM_51_VFF, 2014-07-20 22:51:08.000, 6672383.0, 99.0      
 NZ_SBAM_51_VFF, 2014-07-20 22:51:13.000, 6672384.0, 99.0      
 NZ_SBAM_51_VFF, 2014-07-20 22:51:18.000, 6672388.0, 99.0      
 NZ_SBAM_51_VFF, 2014-07-20 22:51:23.000, 6672390.0, 99.0      
 NZ_SBAM_51_VFF, 2014-07-20 22:51:28.000, 6672396.0, 99.0      
 NZ_SBAM_51_VFF, 2014-07-20 22:51:33.000, 6672399.0, 99.0      
 NZ_SBAM_51_VFF, 2014-07-20 22:51:38.000, 6672402.0, 99.0      
 NZ_SBAM_51_VFF, 2014-07-20 22:51:43.000, 6672409.0, 99.0      
 NZ_SBAM_51_VFF, 2014-07-20 22:51:48.000, 6672416.0, 99.0      
 NZ_SBAM_51_VFF, 2014-07-20 22:51:53.000, 6672420.0, 99.0      
 NZ_SBAM_51_VFF, 2014-07-20 22:51:58.000, 6672426.0, 99.0      
 NZ_SBAM_51_VFF, 2014-07-20 22:52:03.000, 6672430.0, 99.0      
 NZ_SBAM_51_VFF, 2014-07-20 22:52:08.000, 6672432.0, 99.0      
 NZ_SBAM_51_VFF, 2014-07-20 22:52:13.000, 6672430.0, 99.0      
 NZ_SBAM_51_VFF, 2014-07-20 22:52:18.000, 6672426.0, 99.0      
 NZ_SBAM_51_VFF, 2014-07-20 22:52:23.000, 6672422.0, 99.0      
 NZ_SBAM_51_VFF, 2014-07-20 22:52:28.000, 6672419.0, 99.0      
 NZ_SBAM_51_VFF, 2014-07-20 22:52:33.000, 6672415.0, 99.0      
 NZ_SBAM_51_VFF, 2014-07-20 22:52:38.000, 6672407.0, 99.0      
 NZ_SBAM_51_VFF, 2014-07-20 22:52:43.000, 6672405.0, 99.0      
 NZ_SBAM_51_VFF, 2014-07-20 22:52:48.000, 6672401.0, 99.0      
 NZ_SBAM_51_VFF, 2014-07-20 22:52:53.000, 6672397.0, 99.0      
 NZ_SBAM_51_VFF, 2014-07-20 22:52:58.000, 6672396.0, 99.0      
 NZ_SBAM_51_VFF, 2014-07-20 22:53:03.000, 6672393.0, 99.0      
 NZ_SBAM_51_VFF, 2014-07-20 22:53:08.000, 6672388.0, 99.0      
 NZ_SBAM_51_VFF, 2014-07-20 22:53:13.000, 6672385.0, 99.0      
 NZ_SBAM_51_VFF, 2014-07-20 22:53:18.000, 6672381.0, 99.0      
 NZ_SBAM_51_VFF, 2014-07-20 22:53:23.000, 6672381.0, 99.0      
 NZ_SBAM_51_VFF, 2014-07-20 22:53:28.000, 6672377.0, 99.0      
 NZ_SBAM_51_VFF, 2014-07-20 22:53:33.000, 6672375.0, 99.0      
 NZ_SBAM_51_VFF, 2014-07-20 22:53:38.000, 6672375.0, 99.0      
 NZ_SBAM_51_VFF, 2014-07-20 22:53:43.000, 6672371.0, 99.0      
 NZ_SBAM_51_VFF, 2014-07-20 22:53:48.000, 6672370.0, 99.0      
 NZ_SBAM_51_VFF, 2014-07-20 22:53:53.000, 6672370.0, 99.0      
 NZ_SBAM_51_VFF, 2014-07-20 22:53:58.000, 6672369.0, 99.0      
 NZ_SBAM_51_VFF, 2014-07-20 22:54:03.000, 6672366.0, 99.0      
 NZ_SBAM_51_VFF, 2014-07-20 22:54:08.000, 6672364.0, 99.0      
 NZ_SBAM_51_VFF, 2014-07-20 22:54:13.000, 6672356.0, 99.0      
 NZ_SBAM_51_VFF, 2014-07-20 22:54:18.000, 6672350.0, 99.0      
 NZ_SBAM_51_VFF, 2014-07-20 22:54:23.000, 6672346.0, 99.0      
 NZ_SBAM_51_VFF, 2014-07-20 22:54:28.000, 6672339.0, 99.0      
 NZ_SBAM_51_VFF, 2014-07-20 22:54:33.000, 6672335.0, 99.0      
 NZ_SBAM_51_VFF, 2014-07-20 22:54:38.000, 6672330.0, 99.0      
 NZ_SBAM_51_VFF, 2014-07-20 22:54:43.000, 6672328.0, 99.0      
 NZ_SBAM_51_VFF, 2014-07-20 22:54:48.000, 6672325.0, 99.0      
 NZ_SBAM_51_VFF, 2014-07-20 22:54:53.000, 6672321.0, 99.0      
 NZ_SBAM_51_VFF, 2014-07-20 22:54:58.000, 6672320.0, 99.0      
 NZ_SBAM_51_VFF, 2014-07-20 22:55:03.000, 6672320.0, 99.0      
 NZ_SBAM_51_VFF, 2014-07-20 22:55:08.000, 6672322.0, 99.0      
 NZ_SBAM_51_VFF, 2014-07-20 22:55:13.000, 6672322.0, 99.0      
 NZ_SBAM_51_VFF, 2014-07-20 22:55:18.000, 6672327.0, 99.0      
 NZ_SBAM_51_VFF, 2014-07-20 22:55:23.000, 6672327.0, 99.0      
 NZ_SBAM_51_VFF, 2014-07-20 22:55:28.000, 6672327.0, 99.0      
 NZ_SBAM_51_VFF, 2014-07-20 22:55:33.000, 6672331.0, 99.0      
 NZ_SBAM_51_VFF, 2014-07-20 22:55:38.000, 6672335.0, 99.0      
 NZ_SBAM_51_VFF, 2014-07-20 22:55:43.000, 6672336.0, 99.0      
 NZ_SBAM_51_VFF, 2014-07-20 22:55:48.000, 6672339.0, 99.0      
 NZ_SBAM_51_VFF, 2014-07-20 22:55:53.000, 6672344.0, 99.0      
 NZ_SBAM_51_VFF, 2014-07-20 22:55:58.000, 6672346.0, 99.0      
 NZ_SBAM_51_VFF, 2014-07-20 22:56:03.000, 6672347.0, 99.0      
 NZ_SBAM_51_VFF, 2014-07-20 22:56:08.000, 6672350.0, 99.0      
 NZ_SBAM_51_VFF, 2014-07-20 22:56:13.000, 6672351.0, 99.0      
 NZ_SBAM_51_VFF, 2014-07-20 22:56:18.000, 6672350.0, 99.0      
 NZ_SBAM_51_VFF, 2014-07-20 22:56:23.000, 6672349.0, 99.0      
 NZ_SBAM_51_VFF, 2014-07-20 22:56:28.000, 6672347.0, 99.0      
 NZ_SBAM_51_VFF, 2014-07-20 22:56:33.000, 6672348.0, 99.0      
 NZ_SBAM_51_VFF, 2014-07-20 22:56:38.000, 6672346.0, 99.0      
 NZ_SBAM_51_VFF, 2014-07-20 22:56:43.000, 6672347.0, 99.0      
 NZ_SBAM_51_VFF, 2014-07-20 22:56:48.000, 6672350.0, 99.0      
 NZ_SBAM_51_VFF, 2014-07-20 22:56:53.000, 6672350.0, 99.0      
 NZ_SBAM_51_VFF, 2014-07-20 22:56:58.000, 6672353.0, 99.0      
 NZ_SBAM_51_VFF, 2014-07-20 22:57:03.000, 6672354.0, 99.0      
 NZ_SBAM_51_VFF, 2014-07-20 22:57:08.000, 6672351.0, 99.0      
 NZ_SBAM_51_VFF, 2014-07-20 22:57:13.000, 6672344.0, 99.0      
 NZ_SBAM_51_VFF, 2014-07-20 22:57:18.000, 6672339.0, 99.0      
 NZ_SBAM_51_VFF, 2014-07-20 22:57:23.000, 6672338.0, 99.0      
 NZ_SBAM_51_VFF, 2014-07-20 22:57:28.000, 6672339.0, 99.0      
 NZ_SBAM_51_VFF, 2014-07-20 22:57:33.000, 6672342.0, 99.0      
 NZ_SBAM_51_VFF, 2014-07-20 22:57:38.000, 6672340.0, 99.0      
 NZ_SBAM_51_VFF, 2014-07-20 22:57:43.000, 6672341.0, 99.0      
 NZ_SBAM_51_VFF, 2014-07-20 22:57:48.000, 6672343.0, 99.0      
 NZ_SBAM_51_VFF, 2014-07-20 22:57:53.000, 6672344.0, 99.0      
 NZ_SBAM_51_VFF, 2014-07-20 22:57:58.000, 6672343.0, 99.0      
 NZ_SBAM_51_VFF, 2014-07-20 22:58:03.000, 6672343.0, 99.0      
 NZ_SBAM_51_VFF, 2014-07-20 22:58:08.000, 6672339.0, 99.0      
 NZ_SBAM_51_VFF, 2014-07-20 22:58:13.000, 6672336.0, 99.0      
 NZ_SBAM_51_VFF, 2014-07-20 22:58:18.000, 6672337.0, 99.0      
 NZ_SBAM_51_VFF, 2014-07-20 22:58:23.000, 6672343.0, 99.0      
 NZ_SBAM_51_VFF, 2014-07-20 22:58:28.000, 6672347.0, 99.0      
 NZ_SBAM_51_VFF, 2014-07-20 22:58:33.000, 6672347.0, 99.0      
 NZ_SBAM_51_VFF, 2014-07-20 22:58:38.000, 6672347.0, 99.0      
 NZ_SBAM_51_VFF, 2014-07-20 22:58:43.000, 6672349.0, 99.0      
 NZ_SBAM_51_VFF, 2014-07-20 22:58:48.000, 6672355.0, 99.0      
 NZ_SBAM_51_VFF, 2014-07-20 22:58:53.000, 6672361.0, 99.0      
 NZ_SBAM_51_VFF, 2014-07-20 22:58:58.000, 6672369.0, 99.0      
 NZ_SBAM_51_VFF, 2014-07-20 22:59:03.000, 6672378.0, 99.0      
 NZ_SBAM_51_VFF, 2014-07-20 22:59:08.000, 6672389.0, 99.0      
 NZ_SBAM_51_VFF, 2014-07-20 22:59:13.000, 6672396.0, 99.0      
 NZ_SBAM_51_VFF, 2014-07-20 22:59:18.000, 6672405.0, 99.0      
 NZ_SBAM_51_VFF, 2014-07-20 22:59:23.000, 6672405.0, 99.0      
 NZ_SBAM_51_VFF, 2014-07-20 22:59:28.000, 6672407.0, 99.0      
 NZ_SBAM_51_VFF, 2014-07-20 22:59:33.000, 6672406.0, 99.0      
 NZ_SBAM_51_VFF, 2014-07-20 22:59:38.000, 6672408.0, 99.0      
 NZ_SBAM_51_VFF, 2014-07-20 22:59:43.000, 6672409.0, 99.0      
 NZ_SBAM_51_VFF, 2014-07-20 22:59:48.000, 6672412.0, 99.0      
 NZ_SBAM_51_VFF, 2014-07-20 22:59:53.000, 6672416.0, 99.0      
 NZ_SBAM_51_VFF, 2014-07-20 22:59:58.000, 6672414.0, 99.0      
fge file has 3626 lines, gsm file has 720 lines
 14   201  14
 data/2014.201.2200.00.fge-scottbase.txt     
 data/2014.201.2200.00.gsm-scottbase.txt     
 14   201  14
 14   201  14
 201 14
 Yr 14; Mth 7; Day  20; 20 14   140720  hour  22   140720
 1 1 12 -640.  154.  44.  850.  0.  0.  0.  0. -307.  1.
  fcor =  -307.
 Writing 14072022.sb1
Prepare to run sendone 14072022.sb1    14072021.sb1
Cleaning  14072022.sb1
 ihr =  22
 ihr =  22
Finished sendone
/amp/magobs/sba/sbc/volt
Volts*100 = 0
